mode: set
XiaokeTest.com/ch01execl/basic.go:15.26,19.2 3 0
XiaokeTest.com/ch01execl/basic.go:21.29,25.2 3 0
XiaokeTest.com/ch01execl/basic.go:27.30,30.2 2 0
XiaokeTest.com/ch01execl/basic.go:32.24,36.2 3 0
XiaokeTest.com/ch01execl/basic.go:38.14,41.2 1 0
XiaokeTest.com/ch01execl/basic.go:43.17,46.2 2 0
XiaokeTest.com/ch01execl/basic.go:48.33,52.2 3 1
XiaokeTest.com/ch01execl/basic.go:54.15,62.2 4 0
XiaokeTest.com/ch01execl/basic.go:64.14,84.2 4 0
XiaokeTest.com/ch01execl/basic.go:86.13,98.2 2 0
